                              1 ;--------------------------------------------------------
                              2 ; File Created by SDCC : free open source ANSI-C Compiler
                              3 ; Version 3.6.8 #9946 (Linux)
                              4 ;--------------------------------------------------------
                              5 	.module spritesheet
                              6 	.optsdcc -mz80
                              7 	
                              8 ;--------------------------------------------------------
                              9 ; Public variables in this module
                             10 ;--------------------------------------------------------
                             11 	.globl _sp_chars_3
                             12 	.globl _sp_chars_2
                             13 	.globl _sp_chars_1
                             14 	.globl _sp_chars_0
                             15 ;--------------------------------------------------------
                             16 ; special function registers
                             17 ;--------------------------------------------------------
                             18 ;--------------------------------------------------------
                             19 ; ram data
                             20 ;--------------------------------------------------------
                             21 	.area _DATA
                             22 ;--------------------------------------------------------
                             23 ; ram data
                             24 ;--------------------------------------------------------
                             25 	.area _INITIALIZED
                             26 ;--------------------------------------------------------
                             27 ; absolute external ram data
                             28 ;--------------------------------------------------------
                             29 	.area _DABS (ABS)
                             30 ;--------------------------------------------------------
                             31 ; global & static initialisations
                             32 ;--------------------------------------------------------
                             33 	.area _HOME
                             34 	.area _GSINIT
                             35 	.area _GSFINAL
                             36 	.area _GSINIT
                             37 ;--------------------------------------------------------
                             38 ; Home
                             39 ;--------------------------------------------------------
                             40 	.area _HOME
                             41 	.area _HOME
                             42 ;--------------------------------------------------------
                             43 ; code
                             44 ;--------------------------------------------------------
                             45 	.area _CODE
                             46 	.area _CODE
   0000                      47 _sp_chars_0:
   0000 00                   48 	.db #0x00	; 0
   0001 00                   49 	.db #0x00	; 0
   0002 07                   50 	.db #0x07	; 7
   0003 0F                   51 	.db #0x0f	; 15
   0004 08                   52 	.db #0x08	; 8
   0005 00                   53 	.db #0x00	; 0
   0006 00                   54 	.db #0x00	; 0
   0007 00                   55 	.db #0x00	; 0
   0008 00                   56 	.db #0x00	; 0
   0009 00                   57 	.db #0x00	; 0
   000A 1E                   58 	.db #0x1e	; 30
   000B E1                   59 	.db #0xe1	; 225
   000C 08                   60 	.db #0x08	; 8
   000D 00                   61 	.db #0x00	; 0
   000E 00                   62 	.db #0x00	; 0
   000F 00                   63 	.db #0x00	; 0
   0010 00                   64 	.db #0x00	; 0
   0011 00                   65 	.db #0x00	; 0
   0012 3D                   66 	.db #0x3d	; 61
   0013 FE                   67 	.db #0xfe	; 254
   0014 0C                   68 	.db #0x0c	; 12
   0015 00                   69 	.db #0x00	; 0
   0016 00                   70 	.db #0x00	; 0
   0017 00                   71 	.db #0x00	; 0
   0018 00                   72 	.db #0x00	; 0
   0019 00                   73 	.db #0x00	; 0
   001A 3F                   74 	.db #0x3f	; 63
   001B FF                   75 	.db #0xff	; 255
   001C 0E                   76 	.db #0x0e	; 14
   001D 00                   77 	.db #0x00	; 0
   001E 00                   78 	.db #0x00	; 0
   001F 00                   79 	.db #0x00	; 0
   0020 00                   80 	.db #0x00	; 0
   0021 00                   81 	.db #0x00	; 0
   0022 7B                   82 	.db #0x7b	; 123
   0023 66                   83 	.db #0x66	; 102	'f'
   0024 8E                   84 	.db #0x8e	; 142
   0025 00                   85 	.db #0x00	; 0
   0026 00                   86 	.db #0x00	; 0
   0027 00                   87 	.db #0x00	; 0
   0028 00                   88 	.db #0x00	; 0
   0029 00                   89 	.db #0x00	; 0
   002A 7B                   90 	.db #0x7b	; 123
   002B FF                   91 	.db #0xff	; 255
   002C 0E                   92 	.db #0x0e	; 14
   002D 00                   93 	.db #0x00	; 0
   002E 00                   94 	.db #0x00	; 0
   002F 00                   95 	.db #0x00	; 0
   0030 00                   96 	.db #0x00	; 0
   0031 00                   97 	.db #0x00	; 0
   0032 39                   98 	.db #0x39	; 57	'9'
   0033 11                   99 	.db #0x11	; 17
   0034 0A                  100 	.db #0x0a	; 10
   0035 00                  101 	.db #0x00	; 0
   0036 00                  102 	.db #0x00	; 0
   0037 00                  103 	.db #0x00	; 0
   0038 00                  104 	.db #0x00	; 0
   0039 00                  105 	.db #0x00	; 0
   003A 18                  106 	.db #0x18	; 24
   003B EF                  107 	.db #0xef	; 239
   003C 00                  108 	.db #0x00	; 0
   003D 00                  109 	.db #0x00	; 0
   003E 00                  110 	.db #0x00	; 0
   003F 00                  111 	.db #0x00	; 0
   0040 00                  112 	.db #0x00	; 0
   0041 00                  113 	.db #0x00	; 0
   0042 08                  114 	.db #0x08	; 8
   0043 42                  115 	.db #0x42	; 66	'B'
   0044 00                  116 	.db #0x00	; 0
   0045 00                  117 	.db #0x00	; 0
   0046 00                  118 	.db #0x00	; 0
   0047 00                  119 	.db #0x00	; 0
   0048 00                  120 	.db #0x00	; 0
   0049 00                  121 	.db #0x00	; 0
   004A 10                  122 	.db #0x10	; 16
   004B F0                  123 	.db #0xf0	; 240
   004C F0                  124 	.db #0xf0	; 240
   004D F0                  125 	.db #0xf0	; 240
   004E 80                  126 	.db #0x80	; 128
   004F 00                  127 	.db #0x00	; 0
   0050 00                  128 	.db #0x00	; 0
   0051 00                  129 	.db #0x00	; 0
   0052 33                  130 	.db #0x33	; 51	'3'
   0053 FF                  131 	.db #0xff	; 255
   0054 F7                  132 	.db #0xf7	; 247
   0055 FF                  133 	.db #0xff	; 255
   0056 8C                  134 	.db #0x8c	; 140
   0057 00                  135 	.db #0x00	; 0
   0058 00                  136 	.db #0x00	; 0
   0059 00                  137 	.db #0x00	; 0
   005A F7                  138 	.db #0xf7	; 247
   005B FF                  139 	.db #0xff	; 255
   005C C7                  140 	.db #0xc7	; 199
   005D 0F                  141 	.db #0x0f	; 15
   005E 0C                  142 	.db #0x0c	; 12
   005F 00                  143 	.db #0x00	; 0
   0060 00                  144 	.db #0x00	; 0
   0061 00                  145 	.db #0x00	; 0
   0062 BF                  146 	.db #0xbf	; 191
   0063 FF                  147 	.db #0xff	; 255
   0064 8C                  148 	.db #0x8c	; 140
   0065 00                  149 	.db #0x00	; 0
   0066 66                  150 	.db #0x66	; 102	'f'
   0067 00                  151 	.db #0x00	; 0
   0068 00                  152 	.db #0x00	; 0
   0069 00                  153 	.db #0x00	; 0
   006A AF                  154 	.db #0xaf	; 175
   006B 2F                  155 	.db #0x2f	; 47
   006C 8C                  156 	.db #0x8c	; 140
   006D 11                  157 	.db #0x11	; 17
   006E FF                  158 	.db #0xff	; 255
   006F 88                  159 	.db #0x88	; 136
   0070 00                  160 	.db #0x00	; 0
   0071 00                  161 	.db #0x00	; 0
   0072 AF                  162 	.db #0xaf	; 175
   0073 3F                  163 	.db #0x3f	; 63
   0074 8C                  164 	.db #0x8c	; 140
   0075 00                  165 	.db #0x00	; 0
   0076 6F                  166 	.db #0x6f	; 111	'o'
   0077 00                  167 	.db #0x00	; 0
   0078 00                  168 	.db #0x00	; 0
   0079 00                  169 	.db #0x00	; 0
   007A BF                  170 	.db #0xbf	; 191
   007B 6F                  171 	.db #0x6f	; 111	'o'
   007C 8C                  172 	.db #0x8c	; 140
   007D 01                  173 	.db #0x01	; 1
   007E FF                  174 	.db #0xff	; 255
   007F 08                  175 	.db #0x08	; 8
   0080 00                  176 	.db #0x00	; 0
   0081 00                  177 	.db #0x00	; 0
   0082 BF                  178 	.db #0xbf	; 191
   0083 FF                  179 	.db #0xff	; 255
   0084 8C                  180 	.db #0x8c	; 140
   0085 13                  181 	.db #0x13	; 19
   0086 0F                  182 	.db #0x0f	; 15
   0087 8C                  183 	.db #0x8c	; 140
   0088 00                  184 	.db #0x00	; 0
   0089 00                  185 	.db #0x00	; 0
   008A BF                  186 	.db #0xbf	; 191
   008B EF                  187 	.db #0xef	; 239
   008C 8C                  188 	.db #0x8c	; 140
   008D 17                  189 	.db #0x17	; 23
   008E 0F                  190 	.db #0x0f	; 15
   008F 8E                  191 	.db #0x8e	; 142
   0090 00                  192 	.db #0x00	; 0
   0091 00                  193 	.db #0x00	; 0
   0092 9F                  194 	.db #0x9f	; 159
   0093 FF                  195 	.db #0xff	; 255
   0094 8C                  196 	.db #0x8c	; 140
   0095 17                  197 	.db #0x17	; 23
   0096 5A                  198 	.db #0x5a	; 90	'Z'
   0097 8E                  199 	.db #0x8e	; 142
   0098 00                  200 	.db #0x00	; 0
   0099 00                  201 	.db #0x00	; 0
   009A DE                  202 	.db #0xde	; 222
   009B 87                  203 	.db #0x87	; 135
   009C 0C                  204 	.db #0x0c	; 12
   009D 13                  205 	.db #0x13	; 19
   009E B4                  206 	.db #0xb4	; 180
   009F 8C                  207 	.db #0x8c	; 140
   00A0 00                  208 	.db #0x00	; 0
   00A1 00                  209 	.db #0x00	; 0
   00A2 10                  210 	.db #0x10	; 16
   00A3 FF                  211 	.db #0xff	; 255
   00A4 8C                  212 	.db #0x8c	; 140
   00A5 01                  213 	.db #0x01	; 1
   00A6 F9                  214 	.db #0xf9	; 249
   00A7 08                  215 	.db #0x08	; 8
   00A8 00                  216 	.db #0x00	; 0
   00A9 00                  217 	.db #0x00	; 0
   00AA 10                  218 	.db #0x10	; 16
   00AB FF                  219 	.db #0xff	; 255
   00AC 8C                  220 	.db #0x8c	; 140
   00AD 00                  221 	.db #0x00	; 0
   00AE 6F                  222 	.db #0x6f	; 111	'o'
   00AF 00                  223 	.db #0x00	; 0
   00B0 00                  224 	.db #0x00	; 0
   00B1 00                  225 	.db #0x00	; 0
   00B2 10                  226 	.db #0x10	; 16
   00B3 9D                  227 	.db #0x9d	; 157
   00B4 8C                  228 	.db #0x8c	; 140
   00B5 00                  229 	.db #0x00	; 0
   00B6 FF                  230 	.db #0xff	; 255
   00B7 00                  231 	.db #0x00	; 0
   00B8 00                  232 	.db #0x00	; 0
   00B9 00                  233 	.db #0x00	; 0
   00BA 10                  234 	.db #0x10	; 16
   00BB 9D                  235 	.db #0x9d	; 157
   00BC 8C                  236 	.db #0x8c	; 140
   00BD 00                  237 	.db #0x00	; 0
   00BE 00                  238 	.db #0x00	; 0
   00BF 00                  239 	.db #0x00	; 0
   00C0 00                  240 	.db #0x00	; 0
   00C1 00                  241 	.db #0x00	; 0
   00C2 10                  242 	.db #0x10	; 16
   00C3 9D                  243 	.db #0x9d	; 157
   00C4 8C                  244 	.db #0x8c	; 140
   00C5 00                  245 	.db #0x00	; 0
   00C6 00                  246 	.db #0x00	; 0
   00C7 00                  247 	.db #0x00	; 0
   00C8 00                  248 	.db #0x00	; 0
   00C9 00                  249 	.db #0x00	; 0
   00CA 10                  250 	.db #0x10	; 16
   00CB 9D                  251 	.db #0x9d	; 157
   00CC 8C                  252 	.db #0x8c	; 140
   00CD 00                  253 	.db #0x00	; 0
   00CE 00                  254 	.db #0x00	; 0
   00CF 00                  255 	.db #0x00	; 0
   00D0 00                  256 	.db #0x00	; 0
   00D1 00                  257 	.db #0x00	; 0
   00D2 10                  258 	.db #0x10	; 16
   00D3 9D                  259 	.db #0x9d	; 157
   00D4 8C                  260 	.db #0x8c	; 140
   00D5 00                  261 	.db #0x00	; 0
   00D6 00                  262 	.db #0x00	; 0
   00D7 00                  263 	.db #0x00	; 0
   00D8 00                  264 	.db #0x00	; 0
   00D9 00                  265 	.db #0x00	; 0
   00DA 10                  266 	.db #0x10	; 16
   00DB 9D                  267 	.db #0x9d	; 157
   00DC 8C                  268 	.db #0x8c	; 140
   00DD 00                  269 	.db #0x00	; 0
   00DE 00                  270 	.db #0x00	; 0
   00DF 00                  271 	.db #0x00	; 0
   00E0 00                  272 	.db #0x00	; 0
   00E1 00                  273 	.db #0x00	; 0
   00E2 10                  274 	.db #0x10	; 16
   00E3 9D                  275 	.db #0x9d	; 157
   00E4 8C                  276 	.db #0x8c	; 140
   00E5 00                  277 	.db #0x00	; 0
   00E6 00                  278 	.db #0x00	; 0
   00E7 00                  279 	.db #0x00	; 0
   00E8 00                  280 	.db #0x00	; 0
   00E9 00                  281 	.db #0x00	; 0
   00EA 00                  282 	.db #0x00	; 0
   00EB 94                  283 	.db #0x94	; 148
   00EC 08                  284 	.db #0x08	; 8
   00ED 00                  285 	.db #0x00	; 0
   00EE 00                  286 	.db #0x00	; 0
   00EF 00                  287 	.db #0x00	; 0
   00F0 00                  288 	.db #0x00	; 0
   00F1 00                  289 	.db #0x00	; 0
   00F2 00                  290 	.db #0x00	; 0
   00F3 0D                  291 	.db #0x0d	; 13
   00F4 08                  292 	.db #0x08	; 8
   00F5 00                  293 	.db #0x00	; 0
   00F6 00                  294 	.db #0x00	; 0
   00F7 00                  295 	.db #0x00	; 0
   00F8 00                  296 	.db #0x00	; 0
   00F9 00                  297 	.db #0x00	; 0
   00FA 00                  298 	.db #0x00	; 0
   00FB 0E                  299 	.db #0x0e	; 14
   00FC 0C                  300 	.db #0x0c	; 12
   00FD 00                  301 	.db #0x00	; 0
   00FE 00                  302 	.db #0x00	; 0
   00FF 00                  303 	.db #0x00	; 0
   0100                     304 _sp_chars_1:
   0100 00                  305 	.db #0x00	; 0
   0101 00                  306 	.db #0x00	; 0
   0102 00                  307 	.db #0x00	; 0
   0103 00                  308 	.db #0x00	; 0
   0104 00                  309 	.db #0x00	; 0
   0105 77                  310 	.db #0x77	; 119	'w'
   0106 88                  311 	.db #0x88	; 136
   0107 00                  312 	.db #0x00	; 0
   0108 00                  313 	.db #0x00	; 0
   0109 00                  314 	.db #0x00	; 0
   010A 00                  315 	.db #0x00	; 0
   010B 00                  316 	.db #0x00	; 0
   010C 00                  317 	.db #0x00	; 0
   010D FF                  318 	.db #0xff	; 255
   010E 88                  319 	.db #0x88	; 136
   010F 00                  320 	.db #0x00	; 0
   0110 00                  321 	.db #0x00	; 0
   0111 00                  322 	.db #0x00	; 0
   0112 00                  323 	.db #0x00	; 0
   0113 00                  324 	.db #0x00	; 0
   0114 33                  325 	.db #0x33	; 51	'3'
   0115 FF                  326 	.db #0xff	; 255
   0116 88                  327 	.db #0x88	; 136
   0117 00                  328 	.db #0x00	; 0
   0118 00                  329 	.db #0x00	; 0
   0119 00                  330 	.db #0x00	; 0
   011A FF                  331 	.db #0xff	; 255
   011B FF                  332 	.db #0xff	; 255
   011C FF                  333 	.db #0xff	; 255
   011D FF                  334 	.db #0xff	; 255
   011E CC                  335 	.db #0xcc	; 204
   011F 00                  336 	.db #0x00	; 0
   0120 00                  337 	.db #0x00	; 0
   0121 33                  338 	.db #0x33	; 51	'3'
   0122 FF                  339 	.db #0xff	; 255
   0123 FF                  340 	.db #0xff	; 255
   0124 FF                  341 	.db #0xff	; 255
   0125 FF                  342 	.db #0xff	; 255
   0126 CC                  343 	.db #0xcc	; 204
   0127 00                  344 	.db #0x00	; 0
   0128 00                  345 	.db #0x00	; 0
   0129 77                  346 	.db #0x77	; 119	'w'
   012A DD                  347 	.db #0xdd	; 221
   012B FF                  348 	.db #0xff	; 255
   012C FF                  349 	.db #0xff	; 255
   012D FF                  350 	.db #0xff	; 255
   012E EE                  351 	.db #0xee	; 238
   012F 00                  352 	.db #0x00	; 0
   0130 00                  353 	.db #0x00	; 0
   0131 F3                  354 	.db #0xf3	; 243
   0132 EE                  355 	.db #0xee	; 238
   0133 FF                  356 	.db #0xff	; 255
   0134 FF                  357 	.db #0xff	; 255
   0135 FF                  358 	.db #0xff	; 255
   0136 FF                  359 	.db #0xff	; 255
   0137 00                  360 	.db #0x00	; 0
   0138 10                  361 	.db #0x10	; 16
   0139 F3                  362 	.db #0xf3	; 243
   013A FF                  363 	.db #0xff	; 255
   013B 33                  364 	.db #0x33	; 51	'3'
   013C FF                  365 	.db #0xff	; 255
   013D FF                  366 	.db #0xff	; 255
   013E FF                  367 	.db #0xff	; 255
   013F 00                  368 	.db #0x00	; 0
   0140 70                  369 	.db #0x70	; 112	'p'
   0141 F3                  370 	.db #0xf3	; 243
   0142 FF                  371 	.db #0xff	; 255
   0143 CC                  372 	.db #0xcc	; 204
   0144 FF                  373 	.db #0xff	; 255
   0145 88                  374 	.db #0x88	; 136
   0146 33                  375 	.db #0x33	; 51	'3'
   0147 88                  376 	.db #0x88	; 136
   0148 70                  377 	.db #0x70	; 112	'p'
   0149 F7                  378 	.db #0xf7	; 247
   014A CF                  379 	.db #0xcf	; 207
   014B 0F                  380 	.db #0x0f	; 15
   014C 00                  381 	.db #0x00	; 0
   014D 77                  382 	.db #0x77	; 119	'w'
   014E FF                  383 	.db #0xff	; 255
   014F CC                  384 	.db #0xcc	; 204
   0150 70                  385 	.db #0x70	; 112	'p'
   0151 F7                  386 	.db #0xf7	; 247
   0152 8F                  387 	.db #0x8f	; 143
   0153 0F                  388 	.db #0x0f	; 15
   0154 1F                  389 	.db #0x1f	; 31
   0155 FF                  390 	.db #0xff	; 255
   0156 FF                  391 	.db #0xff	; 255
   0157 CC                  392 	.db #0xcc	; 204
   0158 70                  393 	.db #0x70	; 112	'p'
   0159 FF                  394 	.db #0xff	; 255
   015A 0E                  395 	.db #0x0e	; 14
   015B 00                  396 	.db #0x00	; 0
   015C 0F                  397 	.db #0x0f	; 15
   015D 7F                  398 	.db #0x7f	; 127
   015E FF                  399 	.db #0xff	; 255
   015F CC                  400 	.db #0xcc	; 204
   0160 70                  401 	.db #0x70	; 112	'p'
   0161 FF                  402 	.db #0xff	; 255
   0162 0C                  403 	.db #0x0c	; 12
   0163 00                  404 	.db #0x00	; 0
   0164 03                  405 	.db #0x03	; 3
   0165 3F                  406 	.db #0x3f	; 63
   0166 FF                  407 	.db #0xff	; 255
   0167 CC                  408 	.db #0xcc	; 204
   0168 70                  409 	.db #0x70	; 112	'p'
   0169 EF                  410 	.db #0xef	; 239
   016A 0C                  411 	.db #0x0c	; 12
   016B 00                  412 	.db #0x00	; 0
   016C 00                  413 	.db #0x00	; 0
   016D 1F                  414 	.db #0x1f	; 31
   016E FF                  415 	.db #0xff	; 255
   016F CC                  416 	.db #0xcc	; 204
   0170 70                  417 	.db #0x70	; 112	'p'
   0171 EF                  418 	.db #0xef	; 239
   0172 08                  419 	.db #0x08	; 8
   0173 07                  420 	.db #0x07	; 7
   0174 00                  421 	.db #0x00	; 0
   0175 07                  422 	.db #0x07	; 7
   0176 FF                  423 	.db #0xff	; 255
   0177 CC                  424 	.db #0xcc	; 204
   0178 70                  425 	.db #0x70	; 112	'p'
   0179 EF                  426 	.db #0xef	; 239
   017A 08                  427 	.db #0x08	; 8
   017B 0F                  428 	.db #0x0f	; 15
   017C 08                  429 	.db #0x08	; 8
   017D 03                  430 	.db #0x03	; 3
   017E FF                  431 	.db #0xff	; 255
   017F CC                  432 	.db #0xcc	; 204
   0180 70                  433 	.db #0x70	; 112	'p'
   0181 EF                  434 	.db #0xef	; 239
   0182 08                  435 	.db #0x08	; 8
   0183 0F                  436 	.db #0x0f	; 15
   0184 08                  437 	.db #0x08	; 8
   0185 03                  438 	.db #0x03	; 3
   0186 FF                  439 	.db #0xff	; 255
   0187 CC                  440 	.db #0xcc	; 204
   0188 70                  441 	.db #0x70	; 112	'p'
   0189 E7                  442 	.db #0xe7	; 231
   018A 08                  443 	.db #0x08	; 8
   018B 07                  444 	.db #0x07	; 7
   018C 08                  445 	.db #0x08	; 8
   018D 03                  446 	.db #0x03	; 3
   018E FF                  447 	.db #0xff	; 255
   018F CC                  448 	.db #0xcc	; 204
   0190 30                  449 	.db #0x30	; 48	'0'
   0191 E7                  450 	.db #0xe7	; 231
   0192 08                  451 	.db #0x08	; 8
   0193 00                  452 	.db #0x00	; 0
   0194 00                  453 	.db #0x00	; 0
   0195 07                  454 	.db #0x07	; 7
   0196 FF                  455 	.db #0xff	; 255
   0197 88                  456 	.db #0x88	; 136
   0198 30                  457 	.db #0x30	; 48	'0'
   0199 E7                  458 	.db #0xe7	; 231
   019A 0C                  459 	.db #0x0c	; 12
   019B 00                  460 	.db #0x00	; 0
   019C 00                  461 	.db #0x00	; 0
   019D 1F                  462 	.db #0x1f	; 31
   019E FF                  463 	.db #0xff	; 255
   019F 88                  464 	.db #0x88	; 136
   01A0 10                  465 	.db #0x10	; 16
   01A1 F3                  466 	.db #0xf3	; 243
   01A2 0F                  467 	.db #0x0f	; 15
   01A3 00                  468 	.db #0x00	; 0
   01A4 03                  469 	.db #0x03	; 3
   01A5 3F                  470 	.db #0x3f	; 63
   01A6 FF                  471 	.db #0xff	; 255
   01A7 00                  472 	.db #0x00	; 0
   01A8 10                  473 	.db #0x10	; 16
   01A9 F1                  474 	.db #0xf1	; 241
   01AA 8F                  475 	.db #0x8f	; 143
   01AB 0F                  476 	.db #0x0f	; 15
   01AC 0F                  477 	.db #0x0f	; 15
   01AD 7F                  478 	.db #0x7f	; 127
   01AE FF                  479 	.db #0xff	; 255
   01AF 00                  480 	.db #0x00	; 0
   01B0 00                  481 	.db #0x00	; 0
   01B1 F0                  482 	.db #0xf0	; 240
   01B2 E7                  483 	.db #0xe7	; 231
   01B3 0F                  484 	.db #0x0f	; 15
   01B4 1F                  485 	.db #0x1f	; 31
   01B5 FF                  486 	.db #0xff	; 255
   01B6 EE                  487 	.db #0xee	; 238
   01B7 00                  488 	.db #0x00	; 0
   01B8 00                  489 	.db #0x00	; 0
   01B9 F0                  490 	.db #0xf0	; 240
   01BA F0                  491 	.db #0xf0	; 240
   01BB FF                  492 	.db #0xff	; 255
   01BC FF                  493 	.db #0xff	; 255
   01BD FF                  494 	.db #0xff	; 255
   01BE CC                  495 	.db #0xcc	; 204
   01BF 00                  496 	.db #0x00	; 0
   01C0 00                  497 	.db #0x00	; 0
   01C1 70                  498 	.db #0x70	; 112	'p'
   01C2 F0                  499 	.db #0xf0	; 240
   01C3 F7                  500 	.db #0xf7	; 247
   01C4 FF                  501 	.db #0xff	; 255
   01C5 FF                  502 	.db #0xff	; 255
   01C6 00                  503 	.db #0x00	; 0
   01C7 00                  504 	.db #0x00	; 0
   01C8 00                  505 	.db #0x00	; 0
   01C9 30                  506 	.db #0x30	; 48	'0'
   01CA F0                  507 	.db #0xf0	; 240
   01CB F7                  508 	.db #0xf7	; 247
   01CC FF                  509 	.db #0xff	; 255
   01CD EE                  510 	.db #0xee	; 238
   01CE 00                  511 	.db #0x00	; 0
   01CF 00                  512 	.db #0x00	; 0
   01D0 00                  513 	.db #0x00	; 0
   01D1 00                  514 	.db #0x00	; 0
   01D2 88                  515 	.db #0x88	; 136
   01D3 00                  516 	.db #0x00	; 0
   01D4 11                  517 	.db #0x11	; 17
   01D5 00                  518 	.db #0x00	; 0
   01D6 00                  519 	.db #0x00	; 0
   01D7 00                  520 	.db #0x00	; 0
   01D8 00                  521 	.db #0x00	; 0
   01D9 00                  522 	.db #0x00	; 0
   01DA 88                  523 	.db #0x88	; 136
   01DB 00                  524 	.db #0x00	; 0
   01DC 11                  525 	.db #0x11	; 17
   01DD 00                  526 	.db #0x00	; 0
   01DE 00                  527 	.db #0x00	; 0
   01DF 00                  528 	.db #0x00	; 0
   01E0 00                  529 	.db #0x00	; 0
   01E1 00                  530 	.db #0x00	; 0
   01E2 88                  531 	.db #0x88	; 136
   01E3 00                  532 	.db #0x00	; 0
   01E4 11                  533 	.db #0x11	; 17
   01E5 00                  534 	.db #0x00	; 0
   01E6 00                  535 	.db #0x00	; 0
   01E7 00                  536 	.db #0x00	; 0
   01E8 00                  537 	.db #0x00	; 0
   01E9 22                  538 	.db #0x22	; 34
   01EA 88                  539 	.db #0x88	; 136
   01EB 00                  540 	.db #0x00	; 0
   01EC 11                  541 	.db #0x11	; 17
   01ED 00                  542 	.db #0x00	; 0
   01EE 00                  543 	.db #0x00	; 0
   01EF 00                  544 	.db #0x00	; 0
   01F0 00                  545 	.db #0x00	; 0
   01F1 77                  546 	.db #0x77	; 119	'w'
   01F2 00                  547 	.db #0x00	; 0
   01F3 00                  548 	.db #0x00	; 0
   01F4 11                  549 	.db #0x11	; 17
   01F5 CC                  550 	.db #0xcc	; 204
   01F6 00                  551 	.db #0x00	; 0
   01F7 00                  552 	.db #0x00	; 0
   01F8 00                  553 	.db #0x00	; 0
   01F9 22                  554 	.db #0x22	; 34
   01FA 00                  555 	.db #0x00	; 0
   01FB 00                  556 	.db #0x00	; 0
   01FC 00                  557 	.db #0x00	; 0
   01FD 88                  558 	.db #0x88	; 136
   01FE 00                  559 	.db #0x00	; 0
   01FF 00                  560 	.db #0x00	; 0
   0200                     561 _sp_chars_2:
   0200 00                  562 	.db #0x00	; 0
   0201 00                  563 	.db #0x00	; 0
   0202 00                  564 	.db #0x00	; 0
   0203 00                  565 	.db #0x00	; 0
   0204 00                  566 	.db #0x00	; 0
   0205 F7                  567 	.db #0xf7	; 247
   0206 00                  568 	.db #0x00	; 0
   0207 00                  569 	.db #0x00	; 0
   0208 00                  570 	.db #0x00	; 0
   0209 00                  571 	.db #0x00	; 0
   020A 00                  572 	.db #0x00	; 0
   020B 00                  573 	.db #0x00	; 0
   020C 10                  574 	.db #0x10	; 16
   020D FF                  575 	.db #0xff	; 255
   020E 00                  576 	.db #0x00	; 0
   020F 00                  577 	.db #0x00	; 0
   0210 00                  578 	.db #0x00	; 0
   0211 00                  579 	.db #0x00	; 0
   0212 00                  580 	.db #0x00	; 0
   0213 00                  581 	.db #0x00	; 0
   0214 71                  582 	.db #0x71	; 113	'q'
   0215 FF                  583 	.db #0xff	; 255
   0216 00                  584 	.db #0x00	; 0
   0217 00                  585 	.db #0x00	; 0
   0218 00                  586 	.db #0x00	; 0
   0219 11                  587 	.db #0x11	; 17
   021A FF                  588 	.db #0xff	; 255
   021B FF                  589 	.db #0xff	; 255
   021C FF                  590 	.db #0xff	; 255
   021D FF                  591 	.db #0xff	; 255
   021E 88                  592 	.db #0x88	; 136
   021F 00                  593 	.db #0x00	; 0
   0220 00                  594 	.db #0x00	; 0
   0221 77                  595 	.db #0x77	; 119	'w'
   0222 FF                  596 	.db #0xff	; 255
   0223 FF                  597 	.db #0xff	; 255
   0224 FF                  598 	.db #0xff	; 255
   0225 FF                  599 	.db #0xff	; 255
   0226 88                  600 	.db #0x88	; 136
   0227 00                  601 	.db #0x00	; 0
   0228 00                  602 	.db #0x00	; 0
   0229 FF                  603 	.db #0xff	; 255
   022A FF                  604 	.db #0xff	; 255
   022B FF                  605 	.db #0xff	; 255
   022C FF                  606 	.db #0xff	; 255
   022D FF                  607 	.db #0xff	; 255
   022E CC                  608 	.db #0xcc	; 204
   022F 00                  609 	.db #0x00	; 0
   0230 10                  610 	.db #0x10	; 16
   0231 F7                  611 	.db #0xf7	; 247
   0232 FF                  612 	.db #0xff	; 255
   0233 FF                  613 	.db #0xff	; 255
   0234 FF                  614 	.db #0xff	; 255
   0235 FF                  615 	.db #0xff	; 255
   0236 EE                  616 	.db #0xee	; 238
   0237 00                  617 	.db #0x00	; 0
   0238 30                  618 	.db #0x30	; 48	'0'
   0239 F7                  619 	.db #0xf7	; 247
   023A FF                  620 	.db #0xff	; 255
   023B FF                  621 	.db #0xff	; 255
   023C FF                  622 	.db #0xff	; 255
   023D FF                  623 	.db #0xff	; 255
   023E EE                  624 	.db #0xee	; 238
   023F 00                  625 	.db #0x00	; 0
   0240 F0                  626 	.db #0xf0	; 240
   0241 F7                  627 	.db #0xf7	; 247
   0242 EF                  628 	.db #0xef	; 239
   0243 0F                  629 	.db #0x0f	; 15
   0244 0F                  630 	.db #0x0f	; 15
   0245 FF                  631 	.db #0xff	; 255
   0246 FF                  632 	.db #0xff	; 255
   0247 00                  633 	.db #0x00	; 0
   0248 F0                  634 	.db #0xf0	; 240
   0249 FF                  635 	.db #0xff	; 255
   024A CF                  636 	.db #0xcf	; 207
   024B 0E                  637 	.db #0x0e	; 14
   024C 03                  638 	.db #0x03	; 3
   024D 3F                  639 	.db #0x3f	; 63
   024E FF                  640 	.db #0xff	; 255
   024F 88                  641 	.db #0x88	; 136
   0250 F0                  642 	.db #0xf0	; 240
   0251 FF                  643 	.db #0xff	; 255
   0252 8F                  644 	.db #0x8f	; 143
   0253 0C                  645 	.db #0x0c	; 12
   0254 01                  646 	.db #0x01	; 1
   0255 1F                  647 	.db #0x1f	; 31
   0256 FF                  648 	.db #0xff	; 255
   0257 88                  649 	.db #0x88	; 136
   0258 F1                  650 	.db #0xf1	; 241
   0259 FF                  651 	.db #0xff	; 255
   025A 0F                  652 	.db #0x0f	; 15
   025B 09                  653 	.db #0x09	; 9
   025C 08                  654 	.db #0x08	; 8
   025D 0F                  655 	.db #0x0f	; 15
   025E FF                  656 	.db #0xff	; 255
   025F 88                  657 	.db #0x88	; 136
   0260 F1                  658 	.db #0xf1	; 241
   0261 EF                  659 	.db #0xef	; 239
   0262 C3                  660 	.db #0xc3	; 195
   0263 18                  661 	.db #0x18	; 24
   0264 0C                  662 	.db #0x0c	; 12
   0265 0F                  663 	.db #0x0f	; 15
   0266 FF                  664 	.db #0xff	; 255
   0267 88                  665 	.db #0x88	; 136
   0268 F1                  666 	.db #0xf1	; 241
   0269 DE                  667 	.db #0xde	; 222
   026A E1                  668 	.db #0xe1	; 225
   026B 38                  669 	.db #0x38	; 56	'8'
   026C 84                  670 	.db #0x84	; 132
   026D 69                  671 	.db #0x69	; 105	'i'
   026E FF                  672 	.db #0xff	; 255
   026F 88                  673 	.db #0x88	; 136
   0270 F1                  674 	.db #0xf1	; 241
   0271 BC                  675 	.db #0xbc	; 188
   0272 F0                  676 	.db #0xf0	; 240
   0273 78                  677 	.db #0x78	; 120	'x'
   0274 C1                  678 	.db #0xc1	; 193
   0275 E1                  679 	.db #0xe1	; 225
   0276 FF                  680 	.db #0xff	; 255
   0277 88                  681 	.db #0x88	; 136
   0278 F1                  682 	.db #0xf1	; 241
   0279 DE                  683 	.db #0xde	; 222
   027A F0                  684 	.db #0xf0	; 240
   027B F0                  685 	.db #0xf0	; 240
   027C F0                  686 	.db #0xf0	; 240
   027D E1                  687 	.db #0xe1	; 225
   027E FF                  688 	.db #0xff	; 255
   027F 88                  689 	.db #0x88	; 136
   0280 F1                  690 	.db #0xf1	; 241
   0281 DE                  691 	.db #0xde	; 222
   0282 F0                  692 	.db #0xf0	; 240
   0283 F0                  693 	.db #0xf0	; 240
   0284 F0                  694 	.db #0xf0	; 240
   0285 D3                  695 	.db #0xd3	; 211
   0286 FF                  696 	.db #0xff	; 255
   0287 88                  697 	.db #0x88	; 136
   0288 F0                  698 	.db #0xf0	; 240
   0289 EF                  699 	.db #0xef	; 239
   028A F0                  700 	.db #0xf0	; 240
   028B F0                  701 	.db #0xf0	; 240
   028C B4                  702 	.db #0xb4	; 180
   028D D3                  703 	.db #0xd3	; 211
   028E FF                  704 	.db #0xff	; 255
   028F 88                  705 	.db #0x88	; 136
   0290 70                  706 	.db #0x70	; 112	'p'
   0291 EF                  707 	.db #0xef	; 239
   0292 F0                  708 	.db #0xf0	; 240
   0293 3C                  709 	.db #0x3c	; 60
   0294 0F                  710 	.db #0x0f	; 15
   0295 D3                  711 	.db #0xd3	; 211
   0296 FF                  712 	.db #0xff	; 255
   0297 00                  713 	.db #0x00	; 0
   0298 70                  714 	.db #0x70	; 112	'p'
   0299 FF                  715 	.db #0xff	; 255
   029A 4B                  716 	.db #0x4b	; 75	'K'
   029B 0F                  717 	.db #0x0f	; 15
   029C 0F                  718 	.db #0x0f	; 15
   029D 3F                  719 	.db #0x3f	; 63
   029E FF                  720 	.db #0xff	; 255
   029F 00                  721 	.db #0x00	; 0
   02A0 30                  722 	.db #0x30	; 48	'0'
   02A1 F7                  723 	.db #0xf7	; 247
   02A2 8F                  724 	.db #0x8f	; 143
   02A3 0F                  725 	.db #0x0f	; 15
   02A4 0F                  726 	.db #0x0f	; 15
   02A5 3F                  727 	.db #0x3f	; 63
   02A6 EE                  728 	.db #0xee	; 238
   02A7 00                  729 	.db #0x00	; 0
   02A8 30                  730 	.db #0x30	; 48	'0'
   02A9 F3                  731 	.db #0xf3	; 243
   02AA 8F                  732 	.db #0x8f	; 143
   02AB 0F                  733 	.db #0x0f	; 15
   02AC 0F                  734 	.db #0x0f	; 15
   02AD 3F                  735 	.db #0x3f	; 63
   02AE EE                  736 	.db #0xee	; 238
   02AF 00                  737 	.db #0x00	; 0
   02B0 10                  738 	.db #0x10	; 16
   02B1 F1                  739 	.db #0xf1	; 241
   02B2 CF                  740 	.db #0xcf	; 207
   02B3 0F                  741 	.db #0x0f	; 15
   02B4 0F                  742 	.db #0x0f	; 15
   02B5 FF                  743 	.db #0xff	; 255
   02B6 CC                  744 	.db #0xcc	; 204
   02B7 00                  745 	.db #0x00	; 0
   02B8 10                  746 	.db #0x10	; 16
   02B9 F0                  747 	.db #0xf0	; 240
   02BA F1                  748 	.db #0xf1	; 241
   02BB FF                  749 	.db #0xff	; 255
   02BC FF                  750 	.db #0xff	; 255
   02BD FF                  751 	.db #0xff	; 255
   02BE 88                  752 	.db #0x88	; 136
   02BF 00                  753 	.db #0x00	; 0
   02C0 00                  754 	.db #0x00	; 0
   02C1 F0                  755 	.db #0xf0	; 240
   02C2 F0                  756 	.db #0xf0	; 240
   02C3 FF                  757 	.db #0xff	; 255
   02C4 FF                  758 	.db #0xff	; 255
   02C5 EE                  759 	.db #0xee	; 238
   02C6 00                  760 	.db #0x00	; 0
   02C7 00                  761 	.db #0x00	; 0
   02C8 00                  762 	.db #0x00	; 0
   02C9 70                  763 	.db #0x70	; 112	'p'
   02CA F0                  764 	.db #0xf0	; 240
   02CB FF                  765 	.db #0xff	; 255
   02CC FF                  766 	.db #0xff	; 255
   02CD CC                  767 	.db #0xcc	; 204
   02CE 00                  768 	.db #0x00	; 0
   02CF 00                  769 	.db #0x00	; 0
   02D0 00                  770 	.db #0x00	; 0
   02D1 11                  771 	.db #0x11	; 17
   02D2 00                  772 	.db #0x00	; 0
   02D3 00                  773 	.db #0x00	; 0
   02D4 22                  774 	.db #0x22	; 34
   02D5 00                  775 	.db #0x00	; 0
   02D6 00                  776 	.db #0x00	; 0
   02D7 00                  777 	.db #0x00	; 0
   02D8 00                  778 	.db #0x00	; 0
   02D9 11                  779 	.db #0x11	; 17
   02DA 00                  780 	.db #0x00	; 0
   02DB 00                  781 	.db #0x00	; 0
   02DC 22                  782 	.db #0x22	; 34
   02DD 00                  783 	.db #0x00	; 0
   02DE 00                  784 	.db #0x00	; 0
   02DF 00                  785 	.db #0x00	; 0
   02E0 00                  786 	.db #0x00	; 0
   02E1 11                  787 	.db #0x11	; 17
   02E2 00                  788 	.db #0x00	; 0
   02E3 00                  789 	.db #0x00	; 0
   02E4 22                  790 	.db #0x22	; 34
   02E5 00                  791 	.db #0x00	; 0
   02E6 00                  792 	.db #0x00	; 0
   02E7 00                  793 	.db #0x00	; 0
   02E8 00                  794 	.db #0x00	; 0
   02E9 55                  795 	.db #0x55	; 85	'U'
   02EA 00                  796 	.db #0x00	; 0
   02EB 00                  797 	.db #0x00	; 0
   02EC 22                  798 	.db #0x22	; 34
   02ED 00                  799 	.db #0x00	; 0
   02EE 00                  800 	.db #0x00	; 0
   02EF 00                  801 	.db #0x00	; 0
   02F0 00                  802 	.db #0x00	; 0
   02F1 EE                  803 	.db #0xee	; 238
   02F2 00                  804 	.db #0x00	; 0
   02F3 00                  805 	.db #0x00	; 0
   02F4 33                  806 	.db #0x33	; 51	'3'
   02F5 88                  807 	.db #0x88	; 136
   02F6 00                  808 	.db #0x00	; 0
   02F7 00                  809 	.db #0x00	; 0
   02F8 00                  810 	.db #0x00	; 0
   02F9 44                  811 	.db #0x44	; 68	'D'
   02FA 00                  812 	.db #0x00	; 0
   02FB 00                  813 	.db #0x00	; 0
   02FC 11                  814 	.db #0x11	; 17
   02FD 00                  815 	.db #0x00	; 0
   02FE 00                  816 	.db #0x00	; 0
   02FF 00                  817 	.db #0x00	; 0
   0300                     818 _sp_chars_3:
   0300 00                  819 	.db #0x00	; 0
   0301 00                  820 	.db #0x00	; 0
   0302 00                  821 	.db #0x00	; 0
   0303 00                  822 	.db #0x00	; 0
   0304 00                  823 	.db #0x00	; 0
   0305 73                  824 	.db #0x73	; 115	's'
   0306 88                  825 	.db #0x88	; 136
   0307 00                  826 	.db #0x00	; 0
   0308 00                  827 	.db #0x00	; 0
   0309 00                  828 	.db #0x00	; 0
   030A 00                  829 	.db #0x00	; 0
   030B 00                  830 	.db #0x00	; 0
   030C 00                  831 	.db #0x00	; 0
   030D F7                  832 	.db #0xf7	; 247
   030E 88                  833 	.db #0x88	; 136
   030F 00                  834 	.db #0x00	; 0
   0310 00                  835 	.db #0x00	; 0
   0311 00                  836 	.db #0x00	; 0
   0312 00                  837 	.db #0x00	; 0
   0313 00                  838 	.db #0x00	; 0
   0314 30                  839 	.db #0x30	; 48	'0'
   0315 FF                  840 	.db #0xff	; 255
   0316 88                  841 	.db #0x88	; 136
   0317 00                  842 	.db #0x00	; 0
   0318 00                  843 	.db #0x00	; 0
   0319 00                  844 	.db #0x00	; 0
   031A FF                  845 	.db #0xff	; 255
   031B FF                  846 	.db #0xff	; 255
   031C FF                  847 	.db #0xff	; 255
   031D FF                  848 	.db #0xff	; 255
   031E CC                  849 	.db #0xcc	; 204
   031F 00                  850 	.db #0x00	; 0
   0320 00                  851 	.db #0x00	; 0
   0321 33                  852 	.db #0x33	; 51	'3'
   0322 FF                  853 	.db #0xff	; 255
   0323 0E                  854 	.db #0x0e	; 14
   0324 01                  855 	.db #0x01	; 1
   0325 1F                  856 	.db #0x1f	; 31
   0326 CC                  857 	.db #0xcc	; 204
   0327 00                  858 	.db #0x00	; 0
   0328 00                  859 	.db #0x00	; 0
   0329 77                  860 	.db #0x77	; 119	'w'
   032A CC                  861 	.db #0xcc	; 204
   032B 00                  862 	.db #0x00	; 0
   032C 03                  863 	.db #0x03	; 3
   032D 0F                  864 	.db #0x0f	; 15
   032E 6E                  865 	.db #0x6e	; 110	'n'
   032F 00                  866 	.db #0x00	; 0
   0330 00                  867 	.db #0x00	; 0
   0331 F3                  868 	.db #0xf3	; 243
   0332 8E                  869 	.db #0x8e	; 142
   0333 00                  870 	.db #0x00	; 0
   0334 07                  871 	.db #0x07	; 7
   0335 0F                  872 	.db #0x0f	; 15
   0336 3F                  873 	.db #0x3f	; 63
   0337 00                  874 	.db #0x00	; 0
   0338 10                  875 	.db #0x10	; 16
   0339 F3                  876 	.db #0xf3	; 243
   033A 0F                  877 	.db #0x0f	; 15
   033B 0F                  878 	.db #0x0f	; 15
   033C 0F                  879 	.db #0x0f	; 15
   033D 0F                  880 	.db #0x0f	; 15
   033E 1F                  881 	.db #0x1f	; 31
   033F 00                  882 	.db #0x00	; 0
   0340 70                  883 	.db #0x70	; 112	'p'
   0341 E3                  884 	.db #0xe3	; 227
   0342 0F                  885 	.db #0x0f	; 15
   0343 0F                  886 	.db #0x0f	; 15
   0344 1E                  887 	.db #0x1e	; 30
   0345 0F                  888 	.db #0x0f	; 15
   0346 0F                  889 	.db #0x0f	; 15
   0347 88                  890 	.db #0x88	; 136
   0348 70                  891 	.db #0x70	; 112	'p'
   0349 E7                  892 	.db #0xe7	; 231
   034A 0F                  893 	.db #0x0f	; 15
   034B C3                  894 	.db #0xc3	; 195
   034C 3C                  895 	.db #0x3c	; 60
   034D C3                  896 	.db #0xc3	; 195
   034E 2D                  897 	.db #0x2d	; 45
   034F CC                  898 	.db #0xcc	; 204
   0350 70                  899 	.db #0x70	; 112	'p'
   0351 D6                  900 	.db #0xd6	; 214
   0352 B7                  901 	.db #0xb7	; 183
   0353 69                  902 	.db #0x69	; 105	'i'
   0354 3C                  903 	.db #0x3c	; 60
   0355 E1                  904 	.db #0xe1	; 225
   0356 78                  905 	.db #0x78	; 120	'x'
   0357 4C                  906 	.db #0x4c	; 76	'L'
   0358 70                  907 	.db #0x70	; 112	'p'
   0359 DE                  908 	.db #0xde	; 222
   035A D3                  909 	.db #0xd3	; 211
   035B 69                  910 	.db #0x69	; 105	'i'
   035C 3C                  911 	.db #0x3c	; 60
   035D E1                  912 	.db #0xe1	; 225
   035E 78                  913 	.db #0x78	; 120	'x'
   035F 4C                  914 	.db #0x4c	; 76	'L'
   0360 70                  915 	.db #0x70	; 112	'p'
   0361 DE                  916 	.db #0xde	; 222
   0362 E1                  917 	.db #0xe1	; 225
   0363 78                  918 	.db #0x78	; 120	'x'
   0364 3C                  919 	.db #0x3c	; 60
   0365 E1                  920 	.db #0xe1	; 225
   0366 78                  921 	.db #0x78	; 120	'x'
   0367 4C                  922 	.db #0x4c	; 76	'L'
   0368 70                  923 	.db #0x70	; 112	'p'
   0369 DE                  924 	.db #0xde	; 222
   036A E1                  925 	.db #0xe1	; 225
   036B 78                  926 	.db #0x78	; 120	'x'
   036C 3C                  927 	.db #0x3c	; 60
   036D F0                  928 	.db #0xf0	; 240
   036E 78                  929 	.db #0x78	; 120	'x'
   036F 4C                  930 	.db #0x4c	; 76	'L'
   0370 70                  931 	.db #0x70	; 112	'p'
   0371 DE                  932 	.db #0xde	; 222
   0372 E1                  933 	.db #0xe1	; 225
   0373 78                  934 	.db #0x78	; 120	'x'
   0374 B4                  935 	.db #0xb4	; 180
   0375 F0                  936 	.db #0xf0	; 240
   0376 E1                  937 	.db #0xe1	; 225
   0377 CC                  938 	.db #0xcc	; 204
   0378 70                  939 	.db #0x70	; 112	'p'
   0379 DE                  940 	.db #0xde	; 222
   037A E1                  941 	.db #0xe1	; 225
   037B F0                  942 	.db #0xf0	; 240
   037C F0                  943 	.db #0xf0	; 240
   037D F0                  944 	.db #0xf0	; 240
   037E E1                  945 	.db #0xe1	; 225
   037F CC                  946 	.db #0xcc	; 204
   0380 70                  947 	.db #0x70	; 112	'p'
   0381 DE                  948 	.db #0xde	; 222
   0382 F0                  949 	.db #0xf0	; 240
   0383 F0                  950 	.db #0xf0	; 240
   0384 F0                  951 	.db #0xf0	; 240
   0385 F0                  952 	.db #0xf0	; 240
   0386 E1                  953 	.db #0xe1	; 225
   0387 CC                  954 	.db #0xcc	; 204
   0388 70                  955 	.db #0x70	; 112	'p'
   0389 D6                  956 	.db #0xd6	; 214
   038A F0                  957 	.db #0xf0	; 240
   038B F0                  958 	.db #0xf0	; 240
   038C F0                  959 	.db #0xf0	; 240
   038D 78                  960 	.db #0x78	; 120	'x'
   038E 5B                  961 	.db #0x5b	; 91
   038F CC                  962 	.db #0xcc	; 204
   0390 30                  963 	.db #0x30	; 48	'0'
   0391 D6                  964 	.db #0xd6	; 214
   0392 F0                  965 	.db #0xf0	; 240
   0393 D2                  966 	.db #0xd2	; 210
   0394 F0                  967 	.db #0xf0	; 240
   0395 78                  968 	.db #0x78	; 120	'x'
   0396 5B                  969 	.db #0x5b	; 91
   0397 88                  970 	.db #0x88	; 136
   0398 30                  971 	.db #0x30	; 48	'0'
   0399 D6                  972 	.db #0xd6	; 214
   039A F0                  973 	.db #0xf0	; 240
   039B 96                  974 	.db #0x96	; 150
   039C E1                  975 	.db #0xe1	; 225
   039D 69                  976 	.db #0x69	; 105	'i'
   039E 5B                  977 	.db #0x5b	; 91
   039F 88                  978 	.db #0x88	; 136
   03A0 10                  979 	.db #0x10	; 16
   03A1 E3                  980 	.db #0xe3	; 227
   03A2 F0                  981 	.db #0xf0	; 240
   03A3 96                  982 	.db #0x96	; 150
   03A4 E1                  983 	.db #0xe1	; 225
   03A5 69                  984 	.db #0x69	; 105	'i'
   03A6 5B                  985 	.db #0x5b	; 91
   03A7 00                  986 	.db #0x00	; 0
   03A8 10                  987 	.db #0x10	; 16
   03A9 E1                  988 	.db #0xe1	; 225
   03AA 78                  989 	.db #0x78	; 120	'x'
   03AB 0F                  990 	.db #0x0f	; 15
   03AC C3                  991 	.db #0xc3	; 195
   03AD 0F                  992 	.db #0x0f	; 15
   03AE 3F                  993 	.db #0x3f	; 63
   03AF 00                  994 	.db #0x00	; 0
   03B0 00                  995 	.db #0x00	; 0
   03B1 F0                  996 	.db #0xf0	; 240
   03B2 0F                  997 	.db #0x0f	; 15
   03B3 0F                  998 	.db #0x0f	; 15
   03B4 87                  999 	.db #0x87	; 135
   03B5 0F                 1000 	.db #0x0f	; 15
   03B6 6E                 1001 	.db #0x6e	; 110	'n'
   03B7 00                 1002 	.db #0x00	; 0
   03B8 00                 1003 	.db #0x00	; 0
   03B9 F0                 1004 	.db #0xf0	; 240
   03BA E1                 1005 	.db #0xe1	; 225
   03BB 0F                 1006 	.db #0x0f	; 15
   03BC 0F                 1007 	.db #0x0f	; 15
   03BD 1F                 1008 	.db #0x1f	; 31
   03BE CC                 1009 	.db #0xcc	; 204
   03BF 00                 1010 	.db #0x00	; 0
   03C0 00                 1011 	.db #0x00	; 0
   03C1 70                 1012 	.db #0x70	; 112	'p'
   03C2 F0                 1013 	.db #0xf0	; 240
   03C3 C7                 1014 	.db #0xc7	; 199
   03C4 0F                 1015 	.db #0x0f	; 15
   03C5 FF                 1016 	.db #0xff	; 255
   03C6 00                 1017 	.db #0x00	; 0
   03C7 00                 1018 	.db #0x00	; 0
   03C8 00                 1019 	.db #0x00	; 0
   03C9 30                 1020 	.db #0x30	; 48	'0'
   03CA F0                 1021 	.db #0xf0	; 240
   03CB F7                 1022 	.db #0xf7	; 247
   03CC FF                 1023 	.db #0xff	; 255
   03CD EE                 1024 	.db #0xee	; 238
   03CE 00                 1025 	.db #0x00	; 0
   03CF 00                 1026 	.db #0x00	; 0
   03D0 00                 1027 	.db #0x00	; 0
   03D1 00                 1028 	.db #0x00	; 0
   03D2 88                 1029 	.db #0x88	; 136
   03D3 00                 1030 	.db #0x00	; 0
   03D4 11                 1031 	.db #0x11	; 17
   03D5 00                 1032 	.db #0x00	; 0
   03D6 00                 1033 	.db #0x00	; 0
   03D7 00                 1034 	.db #0x00	; 0
   03D8 00                 1035 	.db #0x00	; 0
   03D9 00                 1036 	.db #0x00	; 0
   03DA 88                 1037 	.db #0x88	; 136
   03DB 00                 1038 	.db #0x00	; 0
   03DC 11                 1039 	.db #0x11	; 17
   03DD 00                 1040 	.db #0x00	; 0
   03DE 00                 1041 	.db #0x00	; 0
   03DF 00                 1042 	.db #0x00	; 0
   03E0 00                 1043 	.db #0x00	; 0
   03E1 00                 1044 	.db #0x00	; 0
   03E2 88                 1045 	.db #0x88	; 136
   03E3 00                 1046 	.db #0x00	; 0
   03E4 11                 1047 	.db #0x11	; 17
   03E5 00                 1048 	.db #0x00	; 0
   03E6 00                 1049 	.db #0x00	; 0
   03E7 00                 1050 	.db #0x00	; 0
   03E8 00                 1051 	.db #0x00	; 0
   03E9 22                 1052 	.db #0x22	; 34
   03EA 88                 1053 	.db #0x88	; 136
   03EB 00                 1054 	.db #0x00	; 0
   03EC 11                 1055 	.db #0x11	; 17
   03ED 00                 1056 	.db #0x00	; 0
   03EE 00                 1057 	.db #0x00	; 0
   03EF 00                 1058 	.db #0x00	; 0
   03F0 00                 1059 	.db #0x00	; 0
   03F1 77                 1060 	.db #0x77	; 119	'w'
   03F2 00                 1061 	.db #0x00	; 0
   03F3 00                 1062 	.db #0x00	; 0
   03F4 11                 1063 	.db #0x11	; 17
   03F5 CC                 1064 	.db #0xcc	; 204
   03F6 00                 1065 	.db #0x00	; 0
   03F7 00                 1066 	.db #0x00	; 0
   03F8 00                 1067 	.db #0x00	; 0
   03F9 22                 1068 	.db #0x22	; 34
   03FA 00                 1069 	.db #0x00	; 0
   03FB 00                 1070 	.db #0x00	; 0
   03FC 00                 1071 	.db #0x00	; 0
   03FD 88                 1072 	.db #0x88	; 136
   03FE 00                 1073 	.db #0x00	; 0
   03FF 00                 1074 	.db #0x00	; 0
                           1075 	.area _INITIALIZER
                           1076 	.area _CABS (ABS)
